2018-09-07 09:12:18 - INFO - updateDateChs.data : 更新chs_erp_order
2018-09-07 09:12:18 - INFO - chsErpUpdateData.data : 订单数据查询开始
2018-09-07 09:17:48 - INFO - chsErpUpdateData.data : 订单查询结束
2018-09-07 09:17:48 - INFO - chsErpUpdateData.data : 开始插入订单信息数据:chs_erp_order -> data
2018-09-07 09:23:52 - INFO - chsErpUpdateData.data : 数据插入结束
2018-09-07 09:23:52 - INFO - updateDateChs.data : 更新chs_erp_goods_member
2018-09-07 09:23:52 - INFO - chsErpUpdateData.data : 数据查询开始
2018-09-07 09:23:52 - ERROR - dbase.data : 数据执行失败:(1064, "You have an error in your SQL syntax; check the manual that corresponds to your MySQL server version for the right syntax to use near '))t \n                        LEFT JOIN \n                            erp_order_de' at line 10")
2018-09-07 09:23:52 - INFO - chsErpUpdateData.data : 数据查询结束
2018-09-07 09:23:52 - INFO - chsErpUpdateData.data : 数据为空
2018-09-07 09:23:52 - INFO - updateDateChs.data : 更新chs_erp_amount_data
2018-09-07 09:23:52 - INFO - chsErpUpdateData.data : 查询金额相关数据开始
2018-09-07 09:33:19 - INFO - updateDateChs.data : 更新chs_erp_goods_member
2018-09-07 09:33:19 - INFO - chsErpUpdateData.data : 数据查询开始
2018-09-07 09:33:19 - ERROR - dbase.data : 数据执行失败:(1064, "You have an error in your SQL syntax; check the manual that corresponds to your MySQL server version for the right syntax to use near '))t\n                LEFT JOIN \n                    erp_order_detail AS b \n      ' at line 10")
2018-09-07 09:33:19 - INFO - chsErpUpdateData.data : 数据查询结束
2018-09-07 09:33:19 - INFO - chsErpUpdateData.data : 数据为空
2018-09-07 09:33:19 - INFO - updateDateChs.data : 更新chs_erp_amount_data
2018-09-07 09:33:19 - INFO - chsErpUpdateData.data : 查询金额相关数据开始
2018-09-07 09:35:20 - INFO - updateDateChs.data : 更新chs_erp_goods_member
2018-09-07 09:35:20 - INFO - chsErpUpdateData.data : 数据查询开始
2018-09-07 09:36:46 - INFO - updateDateChs.data : 更新chs_erp_goods_member
2018-09-07 09:36:46 - INFO - chsErpUpdateData.data : 数据查询开始
2018-09-07 09:45:35 - INFO - updateDateChs.data : 更新chs_erp_goods_member
2018-09-07 09:45:35 - INFO - chsErpUpdateData.data : 数据查询开始
2018-09-07 10:22:15 - INFO - updateDateChs.data : 更新chs_erp_goods_member
2018-09-07 10:22:15 - INFO - chsErpUpdateData.data : 数据查询开始
2018-09-07 10:22:21 - INFO - chsErpUpdateData.data : 数据查询结束
2018-09-07 10:22:21 - INFO - chsErpUpdateData.data : 数据插入开始
2018-09-07 10:25:35 - INFO - chsErpUpdateData.data : 数据插入结束
2018-09-07 10:25:35 - INFO - chsErpUpdateData.data : 更新USECLASSAGE
2018-09-07 10:26:38 - INFO - chsErpUpdateData.data : 更新结束
2018-09-07 10:26:38 - INFO - updateDateChs.data : 更新chs_erp_amount_data
2018-09-07 10:26:38 - INFO - chsErpUpdateData.data : 查询金额相关数据开始
2018-09-07 10:27:14 - INFO - chsErpUpdateData.data : 查询结束
2018-09-07 10:27:14 - INFO - chsErpUpdateData.data : 开始插入金额相关数据
2018-09-07 10:27:40 - INFO - chsErpUpdateData.data : 数据插入结束
2018-09-07 10:27:40 - INFO - chsErpUpdateData.data : 更新金额相关数据开始
2018-09-07 10:27:40 - INFO - chsErpUpdateData.data : 更新SUMPROFIT、UNITPRICE
2018-09-07 10:27:44 - INFO - chsErpUpdateData.data : 更新MEANDAY
2018-09-07 10:27:47 - INFO - chsErpUpdateData.data : 更新完毕
2018-09-07 10:27:47 - INFO - updateDateChs.data : 更新chs_erp_goods_num
2018-09-07 10:27:47 - INFO - chsErpUpdateData.data : 数据查询开始
2018-09-07 10:28:00 - INFO - chsErpUpdateData.data : 数据查询结束
2018-09-07 10:28:00 - INFO - chsErpUpdateData.data : 数据插入开始
2018-09-07 10:28:12 - INFO - chsErpUpdateData.data : 数据插入结束
2018-09-07 10:28:12 - INFO - updateDateChs.data : 更新chs_erp_goods_class
2018-09-07 10:28:12 - INFO - chsErpUpdateData.data : 数据查询开始
2018-09-07 10:29:19 - INFO - chsErpUpdateData.data : 数据查询结束
2018-09-07 10:29:19 - INFO - chsErpUpdateData.data : 数据插入开始
2018-09-07 10:29:32 - INFO - chsErpUpdateData.data : 数据插入结束
2018-09-07 10:29:32 - INFO - updateDateChs.data : 等待１小时
2018-09-07 10:34:11 - INFO - evaluateScore.data : 总表数据查询开始
2018-09-07 10:34:32 - INFO - evaluateScore.data : 查询结束
2018-09-07 10:34:32 - INFO - evaluateScore.data : 插入数据开始
2018-09-07 10:35:43 - INFO - evaluateScore.data : 数据插入结束
2018-09-07 10:35:43 - INFO - evaluateScore.data : 更新AGE、CREATINTERVAL、LASTINTERVAL
2018-09-07 10:35:43 - INFO - evaluateScore.data : 更新数据中
2018-09-07 10:35:51 - INFO - evaluateScore.data : 更新数据中
2018-09-07 10:35:58 - INFO - evaluateScore.data : 更新数据中
2018-09-07 10:36:05 - INFO - evaluateScore.data : 开始跟新CLASSCHILD、CLASSOTHER、CLASSOLDMEN
2018-09-07 10:36:05 - INFO - evaluateScore.data : 更新中
2018-09-07 10:36:17 - INFO - evaluateScore.data : 更新中
2018-09-07 10:36:23 - INFO - evaluateScore.data : 更新中
2018-09-07 10:36:39 - INFO - evaluateScore.data : 更新中
2018-09-07 10:36:45 - INFO - evaluateScore.data : 数据更新完毕
2018-09-07 10:36:45 - INFO - evaluateScore.data : 更新各部分分数
2018-09-07 10:36:45 - INFO - evaluateScore.data : 更新身份特质分数
2018-09-07 10:36:53 - INFO - evaluateScore.data : 更新购药历史分数
2018-09-07 10:37:11 - INFO - evaluateScore.data : 更新消费分数
2018-09-07 10:37:22 - INFO - evaluateScore.data : 更新购药偏好分数
2018-09-07 10:37:34 - INFO - evaluateScore.data : 更新总分
2018-09-07 10:37:40 - INFO - evaluateScore.data : 更新完成
2018-09-07 10:41:56 - INFO - UnderLineToOnline.data : 查询本地chs_erp_evaluate数据
2018-09-07 10:42:22 - INFO - UnderLineToOnline.data : 插入正式库
2018-09-07 10:43:11 - INFO - UnderLineToOnline.data : 插入数据结束
2018-09-07 13:48:42 - INFO - storeInsert.data : 更新店铺收益、销售总金额
2018-09-07 13:48:42 - INFO - chsErpUpdateData.data : 查询所有门店信息
2018-09-07 13:48:42 - INFO - chsErpUpdateData.data : 查询第0家门店的成本金额
2018-09-07 13:51:21 - INFO - chsErpUpdateData.data : 查询结束
2018-09-07 13:51:21 - INFO - chsErpUpdateData.data : 查询第1家门店的成本金额
2018-09-07 13:51:27 - INFO - chsErpUpdateData.data : 查询结束
2018-09-07 13:51:27 - INFO - chsErpUpdateData.data : 查询第2家门店的成本金额
2018-09-07 13:54:45 - INFO - chsErpUpdateData.data : 查询结束
2018-09-07 13:54:45 - INFO - chsErpUpdateData.data : 查询第3家门店的成本金额
2018-09-07 13:58:10 - INFO - chsErpUpdateData.data : 查询结束
2018-09-07 13:58:10 - INFO - chsErpUpdateData.data : 查询第4家门店的成本金额
2018-09-07 14:01:35 - INFO - chsErpUpdateData.data : 查询结束
2018-09-07 14:01:35 - INFO - chsErpUpdateData.data : 查询第5家门店的成本金额
2018-09-07 14:02:06 - INFO - chsErpUpdateData.data : 查询结束
2018-09-07 14:02:06 - INFO - chsErpUpdateData.data : 查询第6家门店的成本金额
2018-09-07 14:04:54 - INFO - chsErpUpdateData.data : 查询结束
2018-09-07 14:04:54 - INFO - chsErpUpdateData.data : 查询第7家门店的成本金额
2018-09-07 14:09:39 - INFO - chsErpUpdateData.data : 查询结束
2018-09-07 14:09:39 - INFO - chsErpUpdateData.data : 查询第8家门店的成本金额
2018-09-07 14:18:14 - INFO - chsErpUpdateData.data : 查询结束
2018-09-07 14:18:14 - INFO - chsErpUpdateData.data : 查询第9家门店的成本金额
2018-09-07 14:25:03 - INFO - chsErpUpdateData.data : 查询结束
2018-09-07 14:25:03 - INFO - chsErpUpdateData.data : 查询第10家门店的成本金额
2018-09-07 14:36:05 - INFO - chsErpUpdateData.data : 查询结束
2018-09-07 14:36:05 - INFO - chsErpUpdateData.data : 查询第11家门店的成本金额
2018-09-07 14:42:08 - INFO - chsErpUpdateData.data : 查询结束
2018-09-07 14:42:08 - INFO - chsErpUpdateData.data : 查询第12家门店的成本金额
2018-09-07 14:42:26 - INFO - chsErpUpdateData.data : 查询结束
2018-09-07 14:42:26 - INFO - chsErpUpdateData.data : 查询第13家门店的成本金额
2018-09-07 14:46:33 - INFO - chsErpUpdateData.data : 查询结束
2018-09-07 14:46:33 - INFO - chsErpUpdateData.data : 查询第14家门店的成本金额
2018-09-07 14:49:05 - INFO - chsErpUpdateData.data : 查询结束
2018-09-07 14:49:05 - INFO - chsErpUpdateData.data : 查询第15家门店的成本金额
2018-09-07 14:49:09 - INFO - chsErpUpdateData.data : 查询结束
2018-09-07 14:49:09 - INFO - chsErpUpdateData.data : 查询第16家门店的成本金额
2018-09-07 15:04:01 - INFO - chsErpUpdateData.data : 查询结束
2018-09-07 15:04:01 - INFO - chsErpUpdateData.data : 查询第17家门店的成本金额
2018-09-07 15:08:37 - INFO - chsErpUpdateData.data : 查询结束
2018-09-07 15:08:37 - INFO - chsErpUpdateData.data : 查询第18家门店的成本金额
2018-09-07 15:09:17 - INFO - chsErpUpdateData.data : 查询结束
2018-09-07 15:09:17 - INFO - chsErpUpdateData.data : 查询第19家门店的成本金额
2018-09-07 15:17:18 - INFO - chsErpUpdateData.data : 查询结束
2018-09-07 15:17:18 - INFO - chsErpUpdateData.data : 查询第20家门店的成本金额
2018-09-07 15:20:41 - INFO - chsErpUpdateData.data : 查询结束
2018-09-07 15:20:41 - INFO - chsErpUpdateData.data : 查询第21家门店的成本金额
2018-09-07 15:33:28 - INFO - chsErpUpdateData.data : 查询结束
2018-09-07 15:33:28 - INFO - chsErpUpdateData.data : 查询第22家门店的成本金额
2018-09-07 15:43:47 - INFO - chsErpUpdateData.data : 查询结束
2018-09-07 15:43:47 - INFO - chsErpUpdateData.data : 查询第23家门店的成本金额
2018-09-07 15:47:22 - INFO - chsErpUpdateData.data : 查询结束
2018-09-07 15:47:22 - INFO - chsErpUpdateData.data : 查询第24家门店的成本金额
2018-09-07 15:54:25 - INFO - chsErpUpdateData.data : 查询结束
2018-09-07 15:54:25 - INFO - chsErpUpdateData.data : 查询第25家门店的成本金额
2018-09-07 15:56:59 - INFO - chsErpUpdateData.data : 查询结束
2018-09-07 15:56:59 - INFO - chsErpUpdateData.data : 查询第26家门店的成本金额
2018-09-07 15:57:37 - INFO - chsErpUpdateData.data : 查询结束
2018-09-07 15:57:37 - INFO - chsErpUpdateData.data : 查询第27家门店的成本金额
2018-09-07 16:02:50 - INFO - chsErpUpdateData.data : 查询结束
2018-09-07 16:02:50 - INFO - chsErpUpdateData.data : 查询第28家门店的成本金额
2018-09-07 16:15:01 - INFO - chsErpUpdateData.data : 查询结束
2018-09-07 16:15:01 - INFO - chsErpUpdateData.data : 查询第29家门店的成本金额
